2025-11-20T07:38:56.912063504Z ── Attaching core tidyverse packages ──────────────────────── tidyverse 2.0.0 ──
2025-11-20T07:38:56.912099754Z ✔ dplyr     1.1.4     ✔ readr     2.1.5
2025-11-20T07:38:56.912101962Z ✔ forcats   1.0.0     ✔ stringr   1.5.1
2025-11-20T07:38:56.912103379Z ✔ ggplot2   3.5.1     ✔ tibble    3.2.1
2025-11-20T07:38:56.912104421Z ✔ lubridate 1.9.4     ✔ tidyr     1.3.1
2025-11-20T07:38:56.912105462Z ✔ purrr     1.0.4     
2025-11-20T07:38:57.010500712Z ── Conflicts ────────────────────────────────────────── tidyverse_conflicts() ──
2025-11-20T07:38:57.010518879Z ✖ dplyr::filter() masks stats::filter()
2025-11-20T07:38:57.010520421Z ✖ dplyr::lag()    masks stats::lag()
2025-11-20T07:38:57.010521629Z ℹ Use the conflicted package (<http://conflicted.r-lib.org/>) to force all conflicts to become errors
2025-11-20T07:38:57.017723379Z 
2025-11-20T07:38:57.017730004Z Attaching package: ‘scales’
2025-11-20T07:38:57.017731379Z 
2025-11-20T07:38:57.019479629Z The following object is masked from ‘package:purrr’:
2025-11-20T07:38:57.019498421Z 
2025-11-20T07:38:57.019500129Z     discard
2025-11-20T07:38:57.019501296Z 
2025-11-20T07:38:57.019664879Z The following object is masked from ‘package:readr’:
2025-11-20T07:38:57.019669254Z 
2025-11-20T07:38:57.019670296Z     col_factor
2025-11-20T07:38:57.019671296Z 
2025-11-20T07:38:57.885910796Z There were 50 or more warnings (use warnings() to see the first 50)
2025-11-20T07:38:58.641652963Z pdf 
2025-11-20T07:38:58.641672171Z   2 


job_definition_id: fbzfei3caklihppv
job_definition_request_id: d02250aa73
docker_image_id: sha256:e63e235a720a209b9f2f7121ee31e3ccfc349bb8c8098e3e2d9950f0b5bde1bb
exit_code: 0
created_at: 1763624324
completed_at: 1763624339
status_message: Completed successfully

outputs:
  output/age_sex_counts.csv  - moderately_sensitive
  output/dataset.csv         - moderately_sensitive
  output/plots.png           - moderately_sensitive
  output/top3_prov.csv       - moderately_sensitive

Invalid moderately_sensitive outputs:
  output/dataset.csv  - File has patient_id column
